<?xml version="1.0" encoding="UTF-8"?>
<testng-results skipped="0" failed="0" total="5" passed="5">
  <reporter-output>
  </reporter-output>
  <suite name="Default suite" duration-ms="1065" started-at="2016-06-29T18:09:56Z" finished-at="2016-06-29T18:09:57Z">
    <groups>
    </groups>
    <test name="Default test" duration-ms="1065" started-at="2016-06-29T18:09:56Z" finished-at="2016-06-29T18:09:57Z">
      <class name="com.bhanu.testscripts.TC_001">
        <test-method status="PASS" signature="setUp()[pri:0, instance:com.bhanu.testscripts.TC_001@1eb4667]" name="setUp" is-config="true" duration-ms="10" started-at="2016-06-29T23:39:56Z" finished-at="2016-06-29T23:39:56Z">
          <reporter-output>
          </reporter-output>
        </test-method> <!-- setUp -->
        <test-method status="PASS" signature="verifyAddCountry(java.lang.String, java.lang.String, int)[pri:0, instance:com.bhanu.testscripts.TC_001@1eb4667]" name="verifyAddCountry" duration-ms="993" started-at="2016-06-29T23:39:56Z" data-provider="addCountry" finished-at="2016-06-29T23:39:57Z">
          <params>
            <param index="0">
              <value>
                <![CDATA[{"id":5,"countryName":"UK","population":10000}]]>
              </value>
            </param>
            <param index="1">
              <value>
                <![CDATA[UK]]>
              </value>
            </param>
            <param index="2">
              <value>
                <![CDATA[10000]]>
              </value>
            </param>
          </params>
          <reporter-output>
          </reporter-output>
        </test-method> <!-- verifyAddCountry -->
        <test-method status="PASS" signature="verifyAddCountry(java.lang.String, java.lang.String, int)[pri:0, instance:com.bhanu.testscripts.TC_001@1eb4667]" name="verifyAddCountry" duration-ms="13" started-at="2016-06-29T23:39:57Z" data-provider="addCountry" finished-at="2016-06-29T23:39:57Z">
          <params>
            <param index="0">
              <value>
                <![CDATA[{"id":6,"countryName":"Japan","population":69000}]]>
              </value>
            </param>
            <param index="1">
              <value>
                <![CDATA[Japan]]>
              </value>
            </param>
            <param index="2">
              <value>
                <![CDATA[69000]]>
              </value>
            </param>
          </params>
          <reporter-output>
          </reporter-output>
        </test-method> <!-- verifyAddCountry -->
        <test-method status="PASS" signature="verifyUpdateCountry()[pri:0, instance:com.bhanu.testscripts.TC_001@1eb4667]" name="verifyUpdateCountry" duration-ms="1" started-at="2016-06-29T23:39:57Z" finished-at="2016-06-29T23:39:57Z">
          <reporter-output>
          </reporter-output>
        </test-method> <!-- verifyUpdateCountry -->
        <test-method status="PASS" signature="verifyDeleteCountry()[pri:0, instance:com.bhanu.testscripts.TC_001@1eb4667]" name="verifyDeleteCountry" duration-ms="0" started-at="2016-06-29T23:39:57Z" finished-at="2016-06-29T23:39:57Z">
          <reporter-output>
          </reporter-output>
        </test-method> <!-- verifyDeleteCountry -->
        <test-method status="PASS" signature="verifyGetCountries()[pri:0, instance:com.bhanu.testscripts.TC_001@1eb4667]" name="verifyGetCountries" duration-ms="36" started-at="2016-06-29T23:39:57Z" depends-on-methods="com.bhanu.testscripts.TC_001.verifyAddCountry" finished-at="2016-06-29T23:39:57Z">
          <reporter-output>
          </reporter-output>
        </test-method> <!-- verifyGetCountries -->
      </class> <!-- com.bhanu.testscripts.TC_001 -->
    </test> <!-- Default test -->
  </suite> <!-- Default suite -->
</testng-results>
