<?xml version="1.0" encoding="UTF-8"?>
<testng-results skipped="0" failed="0" ignored="0" total="2" passed="2">
  <reporter-output>
  </reporter-output>
  <suite name="Default suite" duration-ms="23992" started-at="2017-10-30T11:18:31Z" finished-at="2017-10-30T11:18:55Z">
    <groups>
    </groups>
    <test name="Default test" duration-ms="23992" started-at="2017-10-30T11:18:31Z" finished-at="2017-10-30T11:18:55Z">
      <class name="com.pageobjmod.qa.test.LoginPageTest">
        <test-method status="PASS" signature="setUp()[pri:0, instance:com.pageobjmod.qa.test.LoginPageTest@123f1134]" name="setUp" is-config="true" duration-ms="12204" started-at="2017-10-30T16:48:31Z" finished-at="2017-10-30T16:48:43Z">
          <reporter-output>
          </reporter-output>
        </test-method> <!-- setUp -->
        <test-method status="PASS" signature="validatePageTitle()[pri:1, instance:com.pageobjmod.qa.test.LoginPageTest@123f1134]" name="validatePageTitle" duration-ms="39" started-at="2017-10-30T16:48:43Z" finished-at="2017-10-30T16:48:43Z">
          <reporter-output>
          </reporter-output>
        </test-method> <!-- validatePageTitle -->
        <test-method status="PASS" signature="tearDown()[pri:0, instance:com.pageobjmod.qa.test.LoginPageTest@123f1134]" name="tearDown" is-config="true" duration-ms="905" started-at="2017-10-30T16:48:43Z" finished-at="2017-10-30T16:48:44Z">
          <reporter-output>
          </reporter-output>
        </test-method> <!-- tearDown -->
        <test-method status="PASS" signature="setUp()[pri:0, instance:com.pageobjmod.qa.test.LoginPageTest@123f1134]" name="setUp" is-config="true" duration-ms="10032" started-at="2017-10-30T16:48:44Z" finished-at="2017-10-30T16:48:54Z">
          <reporter-output>
          </reporter-output>
        </test-method> <!-- setUp -->
        <test-method status="PASS" signature="validateCRMLogo()[pri:2, instance:com.pageobjmod.qa.test.LoginPageTest@123f1134]" name="validateCRMLogo" duration-ms="44" started-at="2017-10-30T16:48:54Z" finished-at="2017-10-30T16:48:54Z">
          <reporter-output>
          </reporter-output>
        </test-method> <!-- validateCRMLogo -->
        <test-method status="PASS" signature="tearDown()[pri:0, instance:com.pageobjmod.qa.test.LoginPageTest@123f1134]" name="tearDown" is-config="true" duration-ms="743" started-at="2017-10-30T16:48:54Z" finished-at="2017-10-30T16:48:55Z">
          <reporter-output>
          </reporter-output>
        </test-method> <!-- tearDown -->
      </class> <!-- com.pageobjmod.qa.test.LoginPageTest -->
    </test> <!-- Default test -->
  </suite> <!-- Default suite -->
</testng-results>
