<?xml version="1.0" encoding="UTF-8" ?>
<testsuite failures="2" time="0.026" errors="0" skipped="0" tests="11" name="com.selcukesfw.stepimplementations.RunCukesTest">
  <properties>
[...]
</properties>
  <testcase time="0.014" classname="Scenario: Registration negative scenario" name="Given I open &quot;https://accounts.coursera.org/signup&quot; URL in the browser"/>
  <testcase time="0" classname="Scenario: Registration negative scenario" name="Then I enter &quot;vara prasad&quot; into &quot;fullname&quot; text field"/>
  <testcase time="0" classname="Scenario: Registration negative scenario" name="Then I enter &quot;varaprasad@gmail.com&quot; into &quot;email&quot; text field"/>
  <testcase time="0" classname="Scenario: Registration negative scenario" name="Then I enter &quot;varaprasad@gmail.com&quot; into &quot;confirmEmail&quot; text field"/>
  <testcase time="0" classname="Scenario: Registration negative scenario" name="Then I enter &quot;password123&quot; into &quot;password&quot; text field"/>
  <testcase time="0" classname="Scenario: Registration negative scenario" name="Then I select &quot;terms&quot; checkbox"/>
  <testcase time="0" classname="Scenario: Registration negative scenario" name="Then I wait for &quot;10&quot; seconds"/>
  <testcase time="0" classname="Scenario: Registration negative scenario" name="Then I click on &quot;signup&quot; button"/>
  <testcase time="0" classname="Scenario: Registration negative scenario" name="Then I wait for &quot;2&quot; seconds"/>
  <testcase time="0.006" classname="Scenario: Registration negative scenario" name="Then I should see &quot;An account already exists with this email address. Please try again or consider resetting your password.&quot; on the page">
    <failure message="&apos;An account already exists with this email address. Please try again or consider resetting your password.&apos; not found on the page" type="java.lang.AssertionError">java.lang.AssertionError: &apos;An account already exists with this email address. Please try again or consider resetting your password.&apos; not found on the page
	at org.junit.Assert.fail(Assert.java:88)
	at org.junit.Assert.assertTrue(Assert.java:41)
	at com.selcukesfw.stepimplementations.GenericStepImplementations.verify_text_matching(GenericStepImplementations.java:293)
	at ✽.Then I should see &quot;An account already exists with this email address. Please try again or consider resetting your password.&quot; on the page(coursera.feature:14)
</failure>
  </testcase>
  <testcase time="0.006" classname="Scenario: Registration negative scenario" name="Scenario: Registration negative scenario">
    <failure message="&apos;An account already exists with this email address. Please try again or consider resetting your password.&apos; not found on the page" type="java.lang.AssertionError">java.lang.AssertionError: &apos;An account already exists with this email address. Please try again or consider resetting your password.&apos; not found on the page
	at org.junit.Assert.fail(Assert.java:88)
	at org.junit.Assert.assertTrue(Assert.java:41)
	at com.selcukesfw.stepimplementations.GenericStepImplementations.verify_text_matching(GenericStepImplementations.java:293)
	at ✽.Then I should see &quot;An account already exists with this email address. Please try again or consider resetting your password.&quot; on the page(coursera.feature:14)
</failure>
  </testcase>
</testsuite>