<?xml version="1.0" encoding="UTF-8" ?>
<testsuite failures="2" time="0.026" errors="0" skipped="0" tests="11" name="com.selcukesfw.stepimplementations.RunCukesTest">
  <properties>
    <property name="java.runtime.name" value="Java(TM) SE Runtime Environment"/>
    <property name="cucumber.options" value="--tags @today --format json:target/json_report/cucumber.json"/>
    <property name="sun.boot.library.path" value="C:\Program Files\java\jdk1.7.0_67\jre\bin"/>
    <property name="java.vm.version" value="24.65-b04"/>
    <property name="java.vm.vendor" value="Oracle Corporation"/>
    <property name="java.vendor.url" value="http://java.oracle.com/"/>
    <property name="path.separator" value=";"/>
    <property name="guice.disable.misplaced.annotation.check" value="true"/>
    <property name="java.vm.name" value="Java HotSpot(TM) 64-Bit Server VM"/>
    <property name="file.encoding.pkg" value="sun.io"/>
    <property name="user.script" value=""/>
    <property name="user.country" value="US"/>
    <property name="sun.java.launcher" value="SUN_STANDARD"/>
    <property name="sun.os.patch.level" value="Service Pack 1"/>
    <property name="java.vm.specification.name" value="Java Virtual Machine Specification"/>
    <property name="user.dir" value="c:\projects\workspace\SelCukesFW"/>
    <property name="java.runtime.version" value="1.7.0_67-b01"/>
    <property name="java.awt.graphicsenv" value="sun.awt.Win32GraphicsEnvironment"/>
    <property name="java.endorsed.dirs" value="C:\Program Files\java\jdk1.7.0_67\jre\lib\endorsed"/>
    <property name="os.arch" value="amd64"/>
    <property name="java.io.tmpdir" value="C:\Users\VBEERA~1\AppData\Local\Temp\"/>
    <property name="line.separator" value="
"/>
    <property name="java.vm.specification.vendor" value="Oracle Corporation"/>
    <property name="user.variant" value=""/>
    <property name="os.name" value="Windows 7"/>
    <property name="classworlds.conf" value="C:\projects\apache-maven-3.2.1\bin\..\bin\m2.conf"/>
    <property name="sun.jnu.encoding" value="Cp1252"/>
    <property name="java.library.path" value="C:\Program Files\java\jdk1.7.0_67\bin;C:\Windows\Sun\Java\bin;C:\Windows\system32;C:\Windows;C:\ProgramData\Oracle\Java\javapath;C:\Windows\system32;C:\Windows;C:\Windows\System32\Wbem;C:\Windows\System32\WindowsPowerShell\v1.0\;c:\Program Files\ThinkPad\Bluetooth Software\;c:\Program Files\ThinkPad\Bluetooth Software\syswow64;C:\Program Files (x86)\Lenovo\Access Connections\;C:\Program Files (x86)\CheckPoint\File Encryption\Program\;C:\projects\apache-maven-3.2.1\bin;C:\Program Files\java\jdk1.7.0_67\bin;C:\Tools;."/>
    <property name="java.specification.name" value="Java Platform API Specification"/>
    <property name="java.class.version" value="51.0"/>
    <property name="sun.management.compiler" value="HotSpot 64-Bit Tiered Compilers"/>
    <property name="os.version" value="6.1"/>
    <property name="user.home" value="C:\Users\vbeerakam"/>
    <property name="user.timezone" value="Asia/Calcutta"/>
    <property name="java.awt.printerjob" value="sun.awt.windows.WPrinterJob"/>
    <property name="java.specification.version" value="1.7"/>
    <property name="file.encoding" value="Cp1252"/>
    <property name="user.name" value="vbeerakam"/>
    <property name="java.class.path" value="C:\projects\apache-maven-3.2.1\bin\..\boot\plexus-classworlds-2.5.1.jar"/>
    <property name="org.slf4j.simpleLogger.defaultLogLevel" value="info"/>
    <property name="java.vm.specification.version" value="1.7"/>
    <property name="sun.arch.data.model" value="64"/>
    <property name="java.home" value="C:\Program Files\java\jdk1.7.0_67\jre"/>
    <property name="sun.java.command" value="org.codehaus.plexus.classworlds.launcher.Launcher -Dcucumber.options=--tags @today --format json:target/json_report/cucumber.json test"/>
    <property name="java.specification.vendor" value="Oracle Corporation"/>
    <property name="user.language" value="en"/>
    <property name="awt.toolkit" value="sun.awt.windows.WToolkit"/>
    <property name="java.vm.info" value="mixed mode"/>
    <property name="java.version" value="1.7.0_67"/>
    <property name="java.ext.dirs" value="C:\Program Files\java\jdk1.7.0_67\jre\lib\ext;C:\Windows\Sun\Java\lib\ext"/>
    <property name="sun.boot.class.path" value="C:\Program Files\java\jdk1.7.0_67\jre\lib\resources.jar;C:\Program Files\java\jdk1.7.0_67\jre\lib\rt.jar;C:\Program Files\java\jdk1.7.0_67\jre\lib\sunrsasign.jar;C:\Program Files\java\jdk1.7.0_67\jre\lib\jsse.jar;C:\Program Files\java\jdk1.7.0_67\jre\lib\jce.jar;C:\Program Files\java\jdk1.7.0_67\jre\lib\charsets.jar;C:\Program Files\java\jdk1.7.0_67\jre\lib\jfr.jar;C:\Program Files\java\jdk1.7.0_67\jre\classes"/>
    <property name="java.vendor" value="Oracle Corporation"/>
    <property name="maven.home" value="C:\projects\apache-maven-3.2.1\bin\.."/>
    <property name="file.separator" value="\"/>
    <property name="java.vendor.url.bug" value="http://bugreport.sun.com/bugreport/"/>
    <property name="sun.cpu.endian" value="little"/>
    <property name="sun.io.unicode.encoding" value="UnicodeLittle"/>
    <property name="sun.desktop" value="windows"/>
    <property name="sun.cpu.isalist" value="amd64"/>
  </properties>
  <testcase time="0.014" classname="Scenario: Registration negative scenario" name="Given I open &quot;https://accounts.coursera.org/signup&quot; URL in the browser"/>
  <testcase time="0" classname="Scenario: Registration negative scenario" name="Then I enter &quot;vara prasad&quot; into &quot;fullname&quot; text field"/>
  <testcase time="0" classname="Scenario: Registration negative scenario" name="Then I enter &quot;varaprasad@gmail.com&quot; into &quot;email&quot; text field"/>
  <testcase time="0" classname="Scenario: Registration negative scenario" name="Then I enter &quot;varaprasad@gmail.com&quot; into &quot;confirmEmail&quot; text field"/>
  <testcase time="0" classname="Scenario: Registration negative scenario" name="Then I enter &quot;password123&quot; into &quot;password&quot; text field"/>
  <testcase time="0" classname="Scenario: Registration negative scenario" name="Then I select &quot;terms&quot; checkbox"/>
  <testcase time="0" classname="Scenario: Registration negative scenario" name="Then I wait for &quot;10&quot; seconds"/>
  <testcase time="0" classname="Scenario: Registration negative scenario" name="Then I click on &quot;signup&quot; button"/>
  <testcase time="0" classname="Scenario: Registration negative scenario" name="Then I wait for &quot;2&quot; seconds"/>
  <testcase time="0.006" classname="Scenario: Registration negative scenario" name="Then I should see &quot;An account already exists with this email address. Please try again or consider resetting your password.&quot; on the page">
    <failure message="&apos;An account already exists with this email address. Please try again or consider resetting your password.&apos; not found on the page" type="java.lang.AssertionError">java.lang.AssertionError: &apos;An account already exists with this email address. Please try again or consider resetting your password.&apos; not found on the page
	at org.junit.Assert.fail(Assert.java:88)
	at org.junit.Assert.assertTrue(Assert.java:41)
	at com.selcukesfw.stepimplementations.GenericStepImplementations.verify_text_matching(GenericStepImplementations.java:293)
	at ✽.Then I should see &quot;An account already exists with this email address. Please try again or consider resetting your password.&quot; on the page(coursera.feature:14)
</failure>
  </testcase>
  <testcase time="0.006" classname="Scenario: Registration negative scenario" name="Scenario: Registration negative scenario">
    <failure message="&apos;An account already exists with this email address. Please try again or consider resetting your password.&apos; not found on the page" type="java.lang.AssertionError">java.lang.AssertionError: &apos;An account already exists with this email address. Please try again or consider resetting your password.&apos; not found on the page
	at org.junit.Assert.fail(Assert.java:88)
	at org.junit.Assert.assertTrue(Assert.java:41)
	at com.selcukesfw.stepimplementations.GenericStepImplementations.verify_text_matching(GenericStepImplementations.java:293)
	at ✽.Then I should see &quot;An account already exists with this email address. Please try again or consider resetting your password.&quot; on the page(coursera.feature:14)
</failure>
  </testcase>
</testsuite>