<?xml version="1.0" encoding="UTF-8"?>
<testng-results skipped="0" failed="0" total="1" passed="1">
  <reporter-output>
  </reporter-output>
  <suite name="Default suite" duration-ms="32" started-at="2018-01-01T04:59:18Z" finished-at="2018-01-01T04:59:18Z">
    <groups>
    </groups>
    <test name="Default test" duration-ms="32" started-at="2018-01-01T04:59:18Z" finished-at="2018-01-01T04:59:18Z">
      <class name="dummy.Const">
        <test-method status="PASS" signature="sampleTest()[pri:0, instance:dummy.Const@48eff760]" name="sampleTest" duration-ms="16" started-at="2018-01-01T10:29:18Z" finished-at="2018-01-01T10:29:18Z">
          <reporter-output>
          </reporter-output>
        </test-method> <!-- sampleTest -->
      </class> <!-- dummy.Const -->
    </test> <!-- Default test -->
  </suite> <!-- Default suite -->
</testng-results>
