<?xml version="1.0" encoding="UTF-8"?>
<testng-results skipped="0" failed="0" ignored="0" total="1" passed="1">
  <reporter-output>
  </reporter-output>
  <suite name="Default suite" duration-ms="4426" started-at="2018-01-18T07:13:19Z" finished-at="2018-01-18T07:13:23Z">
    <groups>
    </groups>
    <test name="Default test" duration-ms="4426" started-at="2018-01-18T07:13:19Z" finished-at="2018-01-18T07:13:23Z">
      <class name="com.api.tests.APITest">
        <test-method status="PASS" signature="init()[pri:0, instance:com.api.tests.APITest@215be6bb]" name="init" is-config="true" duration-ms="291" started-at="2018-01-18T12:43:19Z" finished-at="2018-01-18T12:43:19Z">
          <reporter-output>
          </reporter-output>
        </test-method> <!-- init -->
        <test-method status="PASS" signature="getUsers()[pri:0, instance:com.api.tests.APITest@215be6bb]" name="getUsers" duration-ms="4121" started-at="2018-01-18T12:43:19Z" finished-at="2018-01-18T12:43:23Z">
          <reporter-output>
          </reporter-output>
        </test-method> <!-- getUsers -->
      </class> <!-- com.api.tests.APITest -->
    </test> <!-- Default test -->
  </suite> <!-- Default suite -->
</testng-results>
