<?xml version="1.0" encoding="UTF-8"?>
<!-- Generated by org.testng.reporters.JUnitXMLReporter -->
<testsuite hostname="CSCINDAE752477" name="Regression" tests="5" failures="0" timestamp="16 Oct 2017 09:25:29 GMT" time="0.033" errors="0">
  <testcase name="caseA" time="0.005" classname="com.testng.tests1.Test1"/>
  <testcase name="caseA" time="0.001" classname="com.testng.tests1.Test1"/>
  <testcase name="caseA" time="0.001" classname="com.testng.tests1.Test1"/>
  <testcase name="caseA" time="0.001" classname="com.testng.tests1.Test1"/>
  <testcase name="caseA" time="0.001" classname="com.testng.tests1.Test1"/>
</testsuite> <!-- Regression -->
