<?xml version="1.0" encoding="UTF-8"?>
<testng-results skipped="0" failed="0" total="1" passed="1">
  <reporter-output>
  </reporter-output>
  <suite name="Default suite" duration-ms="38070" started-at="2017-10-16T11:40:05Z" finished-at="2017-10-16T11:40:43Z">
    <groups>
    </groups>
    <test name="Default test" duration-ms="38070" started-at="2017-10-16T11:40:05Z" finished-at="2017-10-16T11:40:43Z">
      <class name="seleniumPractice.Phones">
        <test-method status="PASS" signature="getPhones()[pri:0, instance:seleniumPractice.Phones@5f375618]" name="getPhones" duration-ms="38058" started-at="2017-10-16T17:10:05Z" finished-at="2017-10-16T17:10:43Z">
          <reporter-output>
          </reporter-output>
        </test-method> <!-- getPhones -->
      </class> <!-- seleniumPractice.Phones -->
    </test> <!-- Default test -->
  </suite> <!-- Default suite -->
</testng-results>
